New log file opened at Fri Feb 10 23:19:25 CET 2017 by 59168@Jindongs-MacBook-Pro.local
Taking next connection to: 56451
New client attempting to connect on port: 56452-56451
  Address = /192.168.0.106:56451
This client on port 56452 has uuid 3cb7ef78-5088-442c-8cb5-7c7d57b969ff configName activator humanReadableName Activator protocolVersion 3 featureTags Vector()
Connected Clients: activator-3cb7ef78-5088-442c-8cb5-7c7d57b969ff
Taking next connection to: 56451
New client attempting to connect on port: 56456-56451
  Address = /192.168.0.106:56451
Handshake exception on socket: 56456
sbt.impl.ipc.HandshakeException: Unable to perform handshake
	at sbt.impl.ipc.Peer.handshake(IPC.scala:46)
	at sbt.impl.ipc.MultiClientServer.<init>(IPC.scala:150)
	at sbt.server.SbtServerSocketHandler$$anon$1.run(SbtServerSocketHandler.scala:43)
Caused by: java.io.EOFException
	at java.io.DataInputStream.readInt(DataInputStream.java:392)
	at sbt.impl.ipc.Peer.receive(IPC.scala:95)
	at sbt.impl.ipc.Peer.handshake(IPC.scala:49)
	... 2 more
Taking next connection to: 56451
New client attempting to connect on port: 56457-56451
  Address = /192.168.0.106:56451
This client on port 56457 has uuid 8106b07b-13af-4a85-900f-0d197fe3acec configName play-fork-run humanReadableName Play Fork Run protocolVersion 1 featureTags Vector()
Connected Clients: activator-3cb7ef78-5088-442c-8cb5-7c7d57b969ff, play-fork-run-8106b07b-13af-4a85-900f-0d197fe3acec
Taking next connection to: 56451
Checking to see if clients are empty...
We have 1 non-daemon clients, continuing serving connections.
Taking next connection to: 56451
Checking to see if clients are empty...
We have 1 non-daemon clients, continuing serving connections.
Taking next connection to: 56451
Checking to see if clients are empty...
We have 1 non-daemon clients, continuing serving connections.
Taking next connection to: 56451
Checking to see if clients are empty...
We have 1 non-daemon clients, continuing serving connections.
Taking next connection to: 56451
Checking to see if clients are empty...
We have 1 non-daemon clients, continuing serving connections.
Taking next connection to: 56451
Checking to see if clients are empty...
We have 1 non-daemon clients, continuing serving connections.
Taking next connection to: 56451
Checking to see if clients are empty...
We have 1 non-daemon clients, continuing serving connections.
Taking next connection to: 56451
Checking to see if clients are empty...
We have 1 non-daemon clients, continuing serving connections.
Taking next connection to: 56451
New client attempting to connect on port: 56815-56451
  Address = /192.168.0.100:56451
Handshake exception on socket: 56815
sbt.impl.ipc.HandshakeException: Unable to perform handshake
	at sbt.impl.ipc.Peer.handshake(IPC.scala:46)
	at sbt.impl.ipc.MultiClientServer.<init>(IPC.scala:150)
	at sbt.server.SbtServerSocketHandler$$anon$1.run(SbtServerSocketHandler.scala:43)
Caused by: java.io.EOFException
	at java.io.DataInputStream.readInt(DataInputStream.java:392)
	at sbt.impl.ipc.Peer.receive(IPC.scala:95)
	at sbt.impl.ipc.Peer.handshake(IPC.scala:49)
	... 2 more
Taking next connection to: 56451
New client attempting to connect on port: 56816-56451
  Address = /192.168.0.100:56451
This client on port 56816 has uuid 37807581-f96a-4009-b3f3-4408beaff7a3 configName play-fork-run humanReadableName Play Fork Run protocolVersion 1 featureTags Vector()
Connected Clients: activator-3cb7ef78-5088-442c-8cb5-7c7d57b969ff, play-fork-run-8106b07b-13af-4a85-900f-0d197fe3acec, play-fork-run-37807581-f96a-4009-b3f3-4408beaff7a3
Taking next connection to: 56451
New client attempting to connect on port: 56822-56451
  Address = /192.168.0.100:56451
Handshake exception on socket: 56822
sbt.impl.ipc.HandshakeException: Unable to perform handshake
	at sbt.impl.ipc.Peer.handshake(IPC.scala:46)
	at sbt.impl.ipc.MultiClientServer.<init>(IPC.scala:150)
	at sbt.server.SbtServerSocketHandler$$anon$1.run(SbtServerSocketHandler.scala:43)
Caused by: java.io.EOFException
	at java.io.DataInputStream.readInt(DataInputStream.java:392)
	at sbt.impl.ipc.Peer.receive(IPC.scala:95)
	at sbt.impl.ipc.Peer.handshake(IPC.scala:49)
	... 2 more
Taking next connection to: 56451
New client attempting to connect on port: 56823-56451
  Address = /192.168.0.100:56451
This client on port 56823 has uuid 1569219f-caf0-4038-8ec0-8164acabf107 configName activator humanReadableName Activator protocolVersion 3 featureTags Vector()
Connected Clients: activator-3cb7ef78-5088-442c-8cb5-7c7d57b969ff, play-fork-run-8106b07b-13af-4a85-900f-0d197fe3acec, play-fork-run-37807581-f96a-4009-b3f3-4408beaff7a3, activator-1569219f-caf0-4038-8ec0-8164acabf107
Taking next connection to: 56451
Checking to see if clients are empty...
We have 2 non-daemon clients, continuing serving connections.
Taking next connection to: 56451
