New log file opened at Sun Feb 12 14:28:21 CET 2017 by 25067@Jindongs-MacBook-Pro.local
jvm 25067@Jindongs-MacBook-Pro.local
jvm vmName=Java HotSpot(TM) 64-Bit Server VM vmVendor=Oracle Corporation vmVersion=25.111-b14
jvm specName=Java Virtual Machine Specification specVendor=Oracle Corporation specVersion=1.8
jvm arguments: [-Xms256m, -Xmx1024m, -XX:MetaspaceSize=64m, -XX:MaxMetaspaceSize=256m]
Starting event engine
Starting sbt command engine
Waiting for sbt command engine
Command engine arguments=List()
Command engine baseDirectory=/Users/ostdong/Communicourse/Communicourse
Command engine initial remaining commands List(--initialize, onFailure load-failed, boot, server-send-ready-for-request, server-handle-next-server-request)
> --initialize
> initialize
> onFailure load-failed
> boot
> reload
[Loading] Scanning directory /Users/ostdong/Communicourse/Communicourse/project
[Loading] Found non-root projects 
[Loading] Done in /Users/ostdong/Communicourse/Communicourse/project, returning: ()
deducing auto plugins based on known facts Set(Atom(sbt.plugins.CorePlugin)) and clauses Clauses(List(Clause(Atom(sbt.plugins.JvmPlugin),Set(Atom(sbt.plugins.IvyPlugin))), Clause(Atom(sbt.plugins.JUnitXmlReportPlugin),Set(Atom(sbt.plugins.JvmPlugin))), Clause(Atom(sbt.plugins.CorePlugin),Set(Atom(sbt.plugins.IvyPlugin))), Clause(Atom(sbt.plugins.IvyPlugin),Set(Atom(sbt.plugins.JvmPlugin))), Clause(Atom(sbt.plugins.JvmPlugin),Set(Atom(sbt.plugins.JUnitXmlReportPlugin)))))
  :: deduced result: Matched(sbt.plugins.CorePlugin,sbt.plugins.IvyPlugin,sbt.plugins.JvmPlugin,sbt.plugins.JUnitXmlReportPlugin)
sorting: ns: List(sbt.plugins.CorePlugin, sbt.plugins.IvyPlugin, sbt.plugins.JvmPlugin, sbt.plugins.JUnitXmlReportPlugin)
  :: sorting:: found: List(sbt.plugins.CorePlugin) not found List(sbt.plugins.IvyPlugin, sbt.plugins.JvmPlugin, sbt.plugins.JUnitXmlReportPlugin)
  :: sorting:: found: List(sbt.plugins.CorePlugin, sbt.plugins.IvyPlugin) not found List(sbt.plugins.JvmPlugin, sbt.plugins.JUnitXmlReportPlugin)
  :: sorting:: found: List(sbt.plugins.CorePlugin, sbt.plugins.IvyPlugin, sbt.plugins.JvmPlugin) not found List(sbt.plugins.JUnitXmlReportPlugin)
  :: sorting:: found: List(sbt.plugins.CorePlugin, sbt.plugins.IvyPlugin, sbt.plugins.JvmPlugin, sbt.plugins.JUnitXmlReportPlugin) not found List()
  :: sorted deduced result: List(sbt.plugins.CorePlugin, sbt.plugins.IvyPlugin, sbt.plugins.JvmPlugin, sbt.plugins.JUnitXmlReportPlugin)
[Loading] Done in /Users/ostdong/Communicourse/Communicourse/project, returning: (communicourse-build)
Loading project definition from /Users/ostdong/Communicourse/Communicourse/project
Running task... Cancel: sbt.TaskCancellationStrategy$Null$@6a88a78b, check cycles: false

Initial source changes: 
	removed:Set()
	added: Set()
	modified: Set()
Removed products: Set()
External API changes: API Changes: Set()
Modified binary dependencies: Set()
Initial directly invalidated sources: Set()

Sources indirectly invalidated by:
	product: Set()
	binary dep: Set()
	external source: Set()
All initially invalidated sources: Set()

Copy resource mappings: 
	
[Loading] Scanning directory /Users/ostdong/Communicourse/Communicourse
[Loading] Found root project root w/ remaining 
deducing auto plugins based on known facts Set(Atom(play.sbt.PlayScala), Atom(sbt.plugins.CorePlugin)) and clauses Clauses(List(Clause(Atom(sbt.plugins.JvmPlugin),Set(Atom(sbt.plugins.IvyPlugin))), Clause(Atom(sbt.plugins.JUnitXmlReportPlugin),Set(Atom(sbt.plugins.JvmPlugin))), Clause(Atom(play.sbt.forkrun.PlayForkRun),Set(Atom(sbt.plugins.BackgroundRunPlugin))), Clause(Atom(play.sbt.forkrun.PlayForkRun),Set(Atom(play.sbt.Play))), Clause(Atom(play.sbt.forkrun.PlayForkRun),Set(Atom(sbt.plugins.SerializersPlugin))), Clause(Atom(play.sbt.Play),Set(Atom(com.typesafe.sbt.packager.archetypes.JavaServerAppPackaging))), Clause(Atom(play.sbt.Play),Set(Atom(play.sbt.routes.RoutesCompiler))), Clause(Atom(play.sbt.Play),Set(Atom(play.twirl.sbt.SbtTwirl))), Clause(Atom(play.sbt.Play),Set(Atom(com.typesafe.sbt.jse.SbtJsTask))), Clause(Atom(play.sbt.PlayAkkaHttpServer),Set(Atom(play.sbt.Play))), Clause(Atom(play.sbt.PlayJava),Set(Atom(play.sbt.Play))), Clause(Atom(play.sbt.PlayLayoutPlugin),Set(Atom(play.sbt.Play))), Clause(Atom(play.sbt.PlayLogback),Set(Atom(play.sbt.Play))), Clause(Atom(play.sbt.PlayNettyServer),Set(Atom(play.sbt.Play))), Clause(Atom(play.sbt.PlayScala),Set(Atom(play.sbt.Play))), Clause(Atom(play.sbt.routes.RoutesCompiler),Set(Atom(sbt.plugins.JvmPlugin))), Clause(Atom(play.twirl.sbt.SbtTwirl),Set(Atom(sbt.plugins.JvmPlugin))), Clause(Atom(com.typesafe.sbt.packager.archetypes.AkkaAppPackaging),Set(Atom(com.typesafe.sbt.packager.archetypes.JavaAppPackaging))), Clause(Atom(com.typesafe.sbt.packager.archetypes.JavaAppPackaging),Set(Atom(com.typesafe.sbt.packager.windows.WindowsPlugin))), Clause(Atom(com.typesafe.sbt.packager.archetypes.JavaAppPackaging),Set(Atom(com.typesafe.sbt.packager.docker.DockerPlugin))), Clause(Atom(com.typesafe.sbt.packager.archetypes.JavaAppPackaging),Set(Atom(com.typesafe.sbt.packager.debian.DebianPlugin))), Clause(Atom(com.typesafe.sbt.packager.archetypes.JavaAppPackaging),Set(Atom(com.typesafe.sbt.packager.rpm.RpmPlugin))), Clause(Atom(com.typesafe.sbt.packager.archetypes.JavaServerAppPackaging),Set(Atom(com.typesafe.sbt.packager.archetypes.JavaAppPackaging))), Clause(Atom(com.typesafe.sbt.packager.archetypes.jar.ClasspathJarPlugin),Set(Atom(com.typesafe.sbt.packager.archetypes.JavaAppPackaging))), Clause(Atom(com.typesafe.sbt.packager.archetypes.jar.LauncherJarPlugin),Set(Atom(com.typesafe.sbt.packager.archetypes.JavaAppPackaging))), Clause(Atom(com.typesafe.sbt.packager.debian.DebianDeployPlugin),Set(Atom(com.typesafe.sbt.packager.debian.DebianPlugin))), Clause(Atom(com.typesafe.sbt.packager.debian.DebianPlugin),Set(Atom(com.typesafe.sbt.packager.linux.LinuxPlugin))), Clause(Atom(com.typesafe.sbt.packager.debian.JDebPackaging),Set(Atom(com.typesafe.sbt.packager.debian.DebianPlugin))), Clause(Atom(com.typesafe.sbt.packager.docker.DockerPlugin),Set(Atom(com.typesafe.sbt.packager.universal.UniversalPlugin))), Clause(Atom(com.typesafe.sbt.packager.jdkpackager.JDKPackagerDeployPlugin),Set(Atom(com.typesafe.sbt.packager.jdkpackager.JDKPackagerPlugin))), Clause(Atom(com.typesafe.sbt.packager.jdkpackager.JDKPackagerPlugin),Set(Atom(com.typesafe.sbt.packager.archetypes.JavaAppPackaging))), Clause(Atom(com.typesafe.sbt.packager.jdkpackager.JDKPackagerPlugin),Set(Atom(com.typesafe.sbt.packager.archetypes.jar.LauncherJarPlugin))), Clause(Atom(com.typesafe.sbt.packager.linux.LinuxPlugin),Set(Atom(com.typesafe.sbt.packager.universal.UniversalPlugin))), Clause(Atom(com.typesafe.sbt.packager.rpm.RpmDeployPlugin),Set(Atom(com.typesafe.sbt.packager.rpm.RpmPlugin))), Clause(Atom(com.typesafe.sbt.packager.rpm.RpmPlugin),Set(Atom(com.typesafe.sbt.packager.linux.LinuxPlugin))), Clause(Atom(com.typesafe.sbt.packager.universal.UniversalDeployPlugin),Set(Atom(com.typesafe.sbt.packager.universal.UniversalPlugin))), Clause(Atom(com.typesafe.sbt.packager.universal.UniversalPlugin),Set(Atom(com.typesafe.sbt.SbtNativePackager))), Clause(Atom(com.typesafe.sbt.packager.windows.WindowsDeployPlugin),Set(Atom(com.typesafe.sbt.packager.windows.WindowsPlugin))), Clause(Atom(com.typesafe.sbt.packager.windows.WindowsPlugin),Set(Atom(com.typesafe.sbt.packager.universal.UniversalPlugin))), Clause(Atom(com.typesafe.sbt.web.SbtWeb),Set(Atom(sbt.plugins.JvmPlugin))), Clause(Atom(com.typesafe.sbt.jse.SbtJsEngine),Set(Atom(com.typesafe.sbt.web.SbtWeb))), Clause(Atom(com.typesafe.sbt.jse.SbtJsTask),Set(Atom(com.typesafe.sbt.jse.SbtJsEngine))), Clause(Atom(sbt.plugins.BackgroundRunPlugin),Set(Atom(sbt.plugins.JvmPlugin))), Clause(Atom(sbt.plugins.CorePlugin),Set(Atom(sbt.plugins.IvyPlugin))), Clause(Atom(sbt.plugins.IvyPlugin),Set(Atom(sbt.plugins.JvmPlugin))), Clause(Atom(sbt.plugins.JvmPlugin),Set(Atom(sbt.plugins.JUnitXmlReportPlugin))), Clause(And(Set(Atom(sbt.plugins.BackgroundRunPlugin), Atom(play.sbt.Play), Atom(sbt.plugins.SerializersPlugin))),Set(Atom(play.sbt.forkrun.PlayForkRun))), Clause(Atom(play.sbt.Play),Set(Atom(play.sbt.PlayLayoutPlugin))), Clause(Atom(play.sbt.Play),Set(Atom(play.sbt.PlayLogback))), Clause(Atom(play.sbt.Play),Set(Atom(play.sbt.PlayNettyServer))), Clause(Atom(com.typesafe.sbt.web.SbtWeb),Set(Atom(com.typesafe.sbt.jse.SbtJsEngine))), Clause(Atom(com.typesafe.sbt.jse.SbtJsEngine),Set(Atom(com.typesafe.sbt.jse.SbtJsTask))), Clause(Atom(sbt.plugins.JvmPlugin),Set(Atom(sbt.plugins.BackgroundRunPlugin))), Clause(Atom(sbt.plugins.CorePlugin),Set(Atom(sbt.plugins.InteractionServicePlugin))), Clause(Atom(sbt.plugins.CorePlugin),Set(Atom(sbt.plugins.SendEventServicePlugin))), Clause(Atom(sbt.plugins.CorePlugin),Set(Atom(sbt.plugins.SerializersPlugin)))))
  :: deduced result: Matched(sbt.plugins.CorePlugin,play.sbt.PlayScala,sbt.plugins.InteractionServicePlugin,sbt.plugins.SendEventServicePlugin,play.sbt.Play,sbt.plugins.SerializersPlugin,sbt.plugins.IvyPlugin,com.typesafe.sbt.packager.archetypes.JavaServerAppPackaging,play.twirl.sbt.SbtTwirl,sbt.plugins.JvmPlugin,play.sbt.PlayNettyServer,play.sbt.PlayLayoutPlugin,play.sbt.routes.RoutesCompiler,play.sbt.PlayLogback,com.typesafe.sbt.jse.SbtJsTask,sbt.plugins.BackgroundRunPlugin,sbt.plugins.JUnitXmlReportPlugin,com.typesafe.sbt.jse.SbtJsEngine,com.typesafe.sbt.packager.archetypes.JavaAppPackaging,com.typesafe.sbt.packager.rpm.RpmPlugin,com.typesafe.sbt.packager.windows.WindowsPlugin,com.typesafe.sbt.web.SbtWeb,com.typesafe.sbt.packager.docker.DockerPlugin,play.sbt.forkrun.PlayForkRun,com.typesafe.sbt.packager.debian.DebianPlugin,com.typesafe.sbt.packager.universal.UniversalPlugin,com.typesafe.sbt.packager.linux.LinuxPlugin,com.typesafe.sbt.SbtNativePackager)
sorting: ns: List(sbt.plugins.CorePlugin, play.sbt.PlayScala, sbt.plugins.InteractionServicePlugin, sbt.plugins.SendEventServicePlugin, play.sbt.Play, sbt.plugins.SerializersPlugin, sbt.plugins.IvyPlugin, com.typesafe.sbt.packager.archetypes.JavaServerAppPackaging, play.twirl.sbt.SbtTwirl, sbt.plugins.JvmPlugin, play.sbt.PlayNettyServer, play.sbt.PlayLayoutPlugin, play.sbt.routes.RoutesCompiler, play.sbt.PlayLogback, com.typesafe.sbt.jse.SbtJsTask, sbt.plugins.BackgroundRunPlugin, sbt.plugins.JUnitXmlReportPlugin, com.typesafe.sbt.jse.SbtJsEngine, com.typesafe.sbt.packager.archetypes.JavaAppPackaging, com.typesafe.sbt.packager.rpm.RpmPlugin, com.typesafe.sbt.packager.windows.WindowsPlugin, com.typesafe.sbt.web.SbtWeb, com.typesafe.sbt.packager.docker.DockerPlugin, play.sbt.forkrun.PlayForkRun, com.typesafe.sbt.packager.debian.DebianPlugin, com.typesafe.sbt.packager.universal.UniversalPlugin, com.typesafe.sbt.packager.linux.LinuxPlugin, com.typesafe.sbt.SbtNativePackager)
  :: sorting:: found: List(sbt.plugins.CorePlugin, com.typesafe.sbt.SbtNativePackager) not found List(play.sbt.PlayScala, sbt.plugins.InteractionServicePlugin, sbt.plugins.SendEventServicePlugin, play.sbt.Play, sbt.plugins.SerializersPlugin, sbt.plugins.IvyPlugin, com.typesafe.sbt.packager.archetypes.JavaServerAppPackaging, play.twirl.sbt.SbtTwirl, sbt.plugins.JvmPlugin, play.sbt.PlayNettyServer, play.sbt.PlayLayoutPlugin, play.sbt.routes.RoutesCompiler, play.sbt.PlayLogback, com.typesafe.sbt.jse.SbtJsTask, sbt.plugins.BackgroundRunPlugin, sbt.plugins.JUnitXmlReportPlugin, com.typesafe.sbt.jse.SbtJsEngine, com.typesafe.sbt.packager.archetypes.JavaAppPackaging, com.typesafe.sbt.packager.rpm.RpmPlugin, com.typesafe.sbt.packager.windows.WindowsPlugin, com.typesafe.sbt.web.SbtWeb, com.typesafe.sbt.packager.docker.DockerPlugin, play.sbt.forkrun.PlayForkRun, com.typesafe.sbt.packager.debian.DebianPlugin, com.typesafe.sbt.packager.universal.UniversalPlugin, com.typesafe.sbt.packager.linux.LinuxPlugin)
  :: sorting:: found: List(sbt.plugins.CorePlugin, com.typesafe.sbt.SbtNativePackager, sbt.plugins.InteractionServicePlugin, sbt.plugins.SendEventServicePlugin, sbt.plugins.SerializersPlugin, sbt.plugins.IvyPlugin, com.typesafe.sbt.packager.universal.UniversalPlugin) not found List(play.sbt.PlayScala, play.sbt.Play, com.typesafe.sbt.packager.archetypes.JavaServerAppPackaging, play.twirl.sbt.SbtTwirl, sbt.plugins.JvmPlugin, play.sbt.PlayNettyServer, play.sbt.PlayLayoutPlugin, play.sbt.routes.RoutesCompiler, play.sbt.PlayLogback, com.typesafe.sbt.jse.SbtJsTask, sbt.plugins.BackgroundRunPlugin, sbt.plugins.JUnitXmlReportPlugin, com.typesafe.sbt.jse.SbtJsEngine, com.typesafe.sbt.packager.archetypes.JavaAppPackaging, com.typesafe.sbt.packager.rpm.RpmPlugin, com.typesafe.sbt.packager.windows.WindowsPlugin, com.typesafe.sbt.web.SbtWeb, com.typesafe.sbt.packager.docker.DockerPlugin, play.sbt.forkrun.PlayForkRun, com.typesafe.sbt.packager.debian.DebianPlugin, com.typesafe.sbt.packager.linux.LinuxPlugin)
  :: sorting:: found: List(sbt.plugins.CorePlugin, com.typesafe.sbt.SbtNativePackager, sbt.plugins.InteractionServicePlugin, sbt.plugins.SendEventServicePlugin, sbt.plugins.SerializersPlugin, sbt.plugins.IvyPlugin, com.typesafe.sbt.packager.universal.UniversalPlugin, sbt.plugins.JvmPlugin, com.typesafe.sbt.packager.windows.WindowsPlugin, com.typesafe.sbt.packager.docker.DockerPlugin, com.typesafe.sbt.packager.linux.LinuxPlugin) not found List(play.sbt.PlayScala, play.sbt.Play, com.typesafe.sbt.packager.archetypes.JavaServerAppPackaging, play.twirl.sbt.SbtTwirl, play.sbt.PlayNettyServer, play.sbt.PlayLayoutPlugin, play.sbt.routes.RoutesCompiler, play.sbt.PlayLogback, com.typesafe.sbt.jse.SbtJsTask, sbt.plugins.BackgroundRunPlugin, sbt.plugins.JUnitXmlReportPlugin, com.typesafe.sbt.jse.SbtJsEngine, com.typesafe.sbt.packager.archetypes.JavaAppPackaging, com.typesafe.sbt.packager.rpm.RpmPlugin, com.typesafe.sbt.web.SbtWeb, play.sbt.forkrun.PlayForkRun, com.typesafe.sbt.packager.debian.DebianPlugin)
  :: sorting:: found: List(sbt.plugins.CorePlugin, com.typesafe.sbt.SbtNativePackager, sbt.plugins.InteractionServicePlugin, sbt.plugins.SendEventServicePlugin, sbt.plugins.SerializersPlugin, sbt.plugins.IvyPlugin, com.typesafe.sbt.packager.universal.UniversalPlugin, sbt.plugins.JvmPlugin, com.typesafe.sbt.packager.windows.WindowsPlugin, com.typesafe.sbt.packager.docker.DockerPlugin, com.typesafe.sbt.packager.linux.LinuxPlugin, play.twirl.sbt.SbtTwirl, play.sbt.routes.RoutesCompiler, sbt.plugins.BackgroundRunPlugin, sbt.plugins.JUnitXmlReportPlugin, com.typesafe.sbt.packager.rpm.RpmPlugin, com.typesafe.sbt.web.SbtWeb, com.typesafe.sbt.packager.debian.DebianPlugin) not found List(play.sbt.PlayScala, play.sbt.Play, com.typesafe.sbt.packager.archetypes.JavaServerAppPackaging, play.sbt.PlayNettyServer, play.sbt.PlayLayoutPlugin, play.sbt.PlayLogback, com.typesafe.sbt.jse.SbtJsTask, com.typesafe.sbt.jse.SbtJsEngine, com.typesafe.sbt.packager.archetypes.JavaAppPackaging, play.sbt.forkrun.PlayForkRun)
  :: sorting:: found: List(sbt.plugins.CorePlugin, com.typesafe.sbt.SbtNativePackager, sbt.plugins.InteractionServicePlugin, sbt.plugins.SendEventServicePlugin, sbt.plugins.SerializersPlugin, sbt.plugins.IvyPlugin, com.typesafe.sbt.packager.universal.UniversalPlugin, sbt.plugins.JvmPlugin, com.typesafe.sbt.packager.windows.WindowsPlugin, com.typesafe.sbt.packager.docker.DockerPlugin, com.typesafe.sbt.packager.linux.LinuxPlugin, play.twirl.sbt.SbtTwirl, play.sbt.routes.RoutesCompiler, sbt.plugins.BackgroundRunPlugin, sbt.plugins.JUnitXmlReportPlugin, com.typesafe.sbt.packager.rpm.RpmPlugin, com.typesafe.sbt.web.SbtWeb, com.typesafe.sbt.packager.debian.DebianPlugin, com.typesafe.sbt.jse.SbtJsEngine, com.typesafe.sbt.packager.archetypes.JavaAppPackaging) not found List(play.sbt.PlayScala, play.sbt.Play, com.typesafe.sbt.packager.archetypes.JavaServerAppPackaging, play.sbt.PlayNettyServer, play.sbt.PlayLayoutPlugin, play.sbt.PlayLogback, com.typesafe.sbt.jse.SbtJsTask, play.sbt.forkrun.PlayForkRun)
  :: sorting:: found: List(sbt.plugins.CorePlugin, com.typesafe.sbt.SbtNativePackager, sbt.plugins.InteractionServicePlugin, sbt.plugins.SendEventServicePlugin, sbt.plugins.SerializersPlugin, sbt.plugins.IvyPlugin, com.typesafe.sbt.packager.universal.UniversalPlugin, sbt.plugins.JvmPlugin, com.typesafe.sbt.packager.windows.WindowsPlugin, com.typesafe.sbt.packager.docker.DockerPlugin, com.typesafe.sbt.packager.linux.LinuxPlugin, play.twirl.sbt.SbtTwirl, play.sbt.routes.RoutesCompiler, sbt.plugins.BackgroundRunPlugin, sbt.plugins.JUnitXmlReportPlugin, com.typesafe.sbt.packager.rpm.RpmPlugin, com.typesafe.sbt.web.SbtWeb, com.typesafe.sbt.packager.debian.DebianPlugin, com.typesafe.sbt.jse.SbtJsEngine, com.typesafe.sbt.packager.archetypes.JavaAppPackaging, com.typesafe.sbt.packager.archetypes.JavaServerAppPackaging, com.typesafe.sbt.jse.SbtJsTask) not found List(play.sbt.PlayScala, play.sbt.Play, play.sbt.PlayNettyServer, play.sbt.PlayLayoutPlugin, play.sbt.PlayLogback, play.sbt.forkrun.PlayForkRun)
  :: sorting:: found: List(sbt.plugins.CorePlugin, com.typesafe.sbt.SbtNativePackager, sbt.plugins.InteractionServicePlugin, sbt.plugins.SendEventServicePlugin, sbt.plugins.SerializersPlugin, sbt.plugins.IvyPlugin, com.typesafe.sbt.packager.universal.UniversalPlugin, sbt.plugins.JvmPlugin, com.typesafe.sbt.packager.windows.WindowsPlugin, com.typesafe.sbt.packager.docker.DockerPlugin, com.typesafe.sbt.packager.linux.LinuxPlugin, play.twirl.sbt.SbtTwirl, play.sbt.routes.RoutesCompiler, sbt.plugins.BackgroundRunPlugin, sbt.plugins.JUnitXmlReportPlugin, com.typesafe.sbt.packager.rpm.RpmPlugin, com.typesafe.sbt.web.SbtWeb, com.typesafe.sbt.packager.debian.DebianPlugin, com.typesafe.sbt.jse.SbtJsEngine, com.typesafe.sbt.packager.archetypes.JavaAppPackaging, com.typesafe.sbt.packager.archetypes.JavaServerAppPackaging, com.typesafe.sbt.jse.SbtJsTask, play.sbt.Play) not found List(play.sbt.PlayScala, play.sbt.PlayNettyServer, play.sbt.PlayLayoutPlugin, play.sbt.PlayLogback, play.sbt.forkrun.PlayForkRun)
  :: sorting:: found: List(sbt.plugins.CorePlugin, com.typesafe.sbt.SbtNativePackager, sbt.plugins.InteractionServicePlugin, sbt.plugins.SendEventServicePlugin, sbt.plugins.SerializersPlugin, sbt.plugins.IvyPlugin, com.typesafe.sbt.packager.universal.UniversalPlugin, sbt.plugins.JvmPlugin, com.typesafe.sbt.packager.windows.WindowsPlugin, com.typesafe.sbt.packager.docker.DockerPlugin, com.typesafe.sbt.packager.linux.LinuxPlugin, play.twirl.sbt.SbtTwirl, play.sbt.routes.RoutesCompiler, sbt.plugins.BackgroundRunPlugin, sbt.plugins.JUnitXmlReportPlugin, com.typesafe.sbt.packager.rpm.RpmPlugin, com.typesafe.sbt.web.SbtWeb, com.typesafe.sbt.packager.debian.DebianPlugin, com.typesafe.sbt.jse.SbtJsEngine, com.typesafe.sbt.packager.archetypes.JavaAppPackaging, com.typesafe.sbt.packager.archetypes.JavaServerAppPackaging, com.typesafe.sbt.jse.SbtJsTask, play.sbt.Play, play.sbt.PlayScala, play.sbt.PlayNettyServer, play.sbt.PlayLayoutPlugin, play.sbt.PlayLogback, play.sbt.forkrun.PlayForkRun) not found List()
  :: sorted deduced result: List(sbt.plugins.CorePlugin, com.typesafe.sbt.SbtNativePackager, sbt.plugins.InteractionServicePlugin, sbt.plugins.SendEventServicePlugin, sbt.plugins.SerializersPlugin, sbt.plugins.IvyPlugin, com.typesafe.sbt.packager.universal.UniversalPlugin, sbt.plugins.JvmPlugin, com.typesafe.sbt.packager.windows.WindowsPlugin, com.typesafe.sbt.packager.docker.DockerPlugin, com.typesafe.sbt.packager.linux.LinuxPlugin, play.twirl.sbt.SbtTwirl, play.sbt.routes.RoutesCompiler, sbt.plugins.BackgroundRunPlugin, sbt.plugins.JUnitXmlReportPlugin, com.typesafe.sbt.packager.rpm.RpmPlugin, com.typesafe.sbt.web.SbtWeb, com.typesafe.sbt.packager.debian.DebianPlugin, com.typesafe.sbt.jse.SbtJsEngine, com.typesafe.sbt.packager.archetypes.JavaAppPackaging, com.typesafe.sbt.packager.archetypes.JavaServerAppPackaging, com.typesafe.sbt.jse.SbtJsTask, play.sbt.Play, play.sbt.PlayScala, play.sbt.PlayNettyServer, play.sbt.PlayLayoutPlugin, play.sbt.PlayLogback, play.sbt.forkrun.PlayForkRun)
[Loading] Done in /Users/ostdong/Communicourse/Communicourse, returning: (root)
Set current project to play-chatroom-scala (in build file:/Users/ostdong/Communicourse/Communicourse/)
Reapplying settings...
Set current project to play-chatroom-scala (in build file:/Users/ostdong/Communicourse/Communicourse/)
> iflast shell
> server-send-ready-for-request
> server-handle-next-server-request
> compile
Evaluating tasks: compile:compile
Running task... Cancel: sbt.server.ServerTaskCancellation@593cccae, check cycles: false

Initial source changes: 
	removed:Set()
	added: Set()
	modified: Set(/Users/ostdong/Communicourse/Communicourse/app/controllers/ChatgroupController.scala)
Removed products: Set()
External API changes: API Changes: Set()
Modified binary dependencies: Set()
Initial directly invalidated sources: Set(/Users/ostdong/Communicourse/Communicourse/app/controllers/ChatgroupController.scala)

Sources indirectly invalidated by:
	product: Set()
	binary dep: Set()
	external source: Set()
All initially invalidated sources: Set(/Users/ostdong/Communicourse/Communicourse/app/controllers/ChatgroupController.scala)

Read from stdout: Compiling 1 Scala source to /Users/ostdong/Communicourse/Communicourse/target/scala-2.11/classes...
Compiling 1 Scala source to /Users/ostdong/Communicourse/Communicourse/target/scala-2.11/classes...
Getting compiler-interface from component compiler for Scala 2.11.8
Other repositories:
Default repositories:
Getting compiler-interface from component compiler for Scala 2.11.8
Other repositories:
Default repositories:
Running cached compiler 22b6168d, interfacing (CompilerInterface) with Scala compiler version 2.11.8
Calling Scala compiler with arguments  (CompilerInterface):
	-deprecation
	-unchecked
	-encoding
	utf8
	-bootclasspath
	/Library/Java/JavaVirtualMachines/jdk1.8.0_111.jdk/Contents/Home/jre/lib/resources.jar:/Library/Java/JavaVirtualMachines/jdk1.8.0_111.jdk/Contents/Home/jre/lib/rt.jar:/Library/Java/JavaVirtualMachines/jdk1.8.0_111.jdk/Contents/Home/jre/lib/sunrsasign.jar:/Library/Java/JavaVirtualMachines/jdk1.8.0_111.jdk/Contents/Home/jre/lib/jsse.jar:/Library/Java/JavaVirtualMachines/jdk1.8.0_111.jdk/Contents/Home/jre/lib/jce.jar:/Library/Java/JavaVirtualMachines/jdk1.8.0_111.jdk/Contents/Home/jre/lib/charsets.jar:/Library/Java/JavaVirtualMachines/jdk1.8.0_111.jdk/Contents/Home/jre/lib/jfr.jar:/Library/Java/JavaVirtualMachines/jdk1.8.0_111.jdk/Contents/Home/jre/classes:/Users/ostdong/.ivy2/cache/org.scala-lang/scala-library/jars/scala-library-2.11.8.jar
	-classpath
	/Users/ostdong/Communicourse/Communicourse/target/scala-2.11/classes:/Users/ostdong/activator-dist-1.3.12/repository/com.typesafe.play/twirl-api_2.11/1.1.1/jars/twirl-api_2.11.jar:/Users/ostdong/activator-dist-1.3.12/repository/org.apache.commons/commons-lang3/3.4/jars/commons-lang3.jar:/Users/ostdong/.ivy2/cache/org.scala-lang.modules/scala-xml_2.11/bundles/scala-xml_2.11-1.0.1.jar:/Users/ostdong/.ivy2/cache/com.typesafe.play/play-server_2.11/jars/play-server_2.11-2.5.10.jar:/Users/ostdong/.ivy2/cache/com.typesafe.play/play_2.11/jars/play_2.11-2.5.10.jar:/Users/ostdong/.ivy2/cache/com.typesafe.play/build-link/jars/build-link-2.5.10.jar:/Users/ostdong/.ivy2/cache/com.typesafe.play/play-exceptions/jars/play-exceptions-2.5.10.jar:/Users/ostdong/.ivy2/cache/com.typesafe.play/play-iteratees_2.11/jars/play-iteratees_2.11-2.5.10.jar:/Users/ostdong/.ivy2/cache/org.scala-stm/scala-stm_2.11/jars/scala-stm_2.11-0.7.jar:/Users/ostdong/activator-dist-1.3.12/repository/com.typesafe/config/1.3.0/bundles/config.jar:/Users/ostdong/.ivy2/cache/com.typesafe.play/play-json_2.11/jars/play-json_2.11-2.5.10.jar:/Users/ostdong/.ivy2/cache/com.typesafe.play/play-functional_2.11/jars/play-functional_2.11-2.5.10.jar:/Users/ostdong/.ivy2/cache/com.typesafe.play/play-datacommons_2.11/jars/play-datacommons_2.11-2.5.10.jar:/Users/ostdong/.ivy2/cache/joda-time/joda-time/jars/joda-time-2.9.6.jar:/Users/ostdong/activator-dist-1.3.12/repository/org.joda/joda-convert/1.8.1/jars/joda-convert.jar:/Users/ostdong/activator-dist-1.3.12/repository/org.scala-lang/scala-reflect/2.11.7/jars/scala-reflect.jar:/Users/ostdong/.ivy2/cache/com.fasterxml.jackson.core/jackson-core/bundles/jackson-core-2.7.8.jar:/Users/ostdong/.ivy2/cache/com.fasterxml.jackson.core/jackson-annotations/bundles/jackson-annotations-2.7.8.jar:/Users/ostdong/.ivy2/cache/com.fasterxml.jackson.core/jackson-databind/bundles/jackson-databind-2.7.8.jar:/Users/ostdong/.ivy2/cache/com.fasterxml.jackson.datatype/jackson-datatype-jdk8/bundles/jackson-datatype-jdk8-2.7.8.jar:/Users/ostdong/.ivy2/cache/com.fasterxml.jackson.datatype/jackson-datatype-jsr310/bundles/jackson-datatype-jsr310-2.7.8.jar:/Users/ostdong/.ivy2/cache/com.typesafe.play/play-netty-utils/jars/play-netty-utils-2.5.10.jar:/Users/ostdong/activator-dist-1.3.12/repository/org.slf4j/slf4j-api/1.7.21/jars/slf4j-api.jar:/Users/ostdong/activator-dist-1.3.12/repository/org.slf4j/jul-to-slf4j/1.7.21/jars/jul-to-slf4j.jar:/Users/ostdong/activator-dist-1.3.12/repository/org.slf4j/jcl-over-slf4j/1.7.21/jars/jcl-over-slf4j.jar:/Users/ostdong/.ivy2/cache/com.typesafe.play/play-streams_2.11/jars/play-streams_2.11-2.5.10.jar:/Users/ostdong/activator-dist-1.3.12/repository/org.reactivestreams/reactive-streams/1.0.0/jars/reactive-streams.jar:/Users/ostdong/.ivy2/cache/com.typesafe.akka/akka-stream_2.11/jars/akka-stream_2.11-2.4.12.jar:/Users/ostdong/.ivy2/cache/com.typesafe.akka/akka-actor_2.11/jars/akka-actor_2.11-2.4.12.jar:/Users/ostdong/activator-dist-1.3.12/repository/org.scala-lang.modules/scala-java8-compat_2.11/0.7.0/bundles/scala-java8-compat_2.11.jar:/Users/ostdong/activator-dist-1.3.12/repository/com.typesafe/ssl-config-core_2.11/0.2.1/bundles/ssl-config-core_2.11.jar:/Users/ostdong/.ivy2/cache/org.scala-lang.modules/scala-parser-combinators_2.11/bundles/scala-parser-combinators_2.11-1.0.4.jar:/Users/ostdong/.ivy2/cache/com.typesafe.akka/akka-slf4j_2.11/jars/akka-slf4j_2.11-2.4.12.jar:/Users/ostdong/activator-dist-1.3.12/repository/commons-codec/commons-codec/1.10/jars/commons-codec.jar:/Users/ostdong/.ivy2/cache/xerces/xercesImpl/jars/xercesImpl-2.11.0.jar:/Users/ostdong/.ivy2/cache/xml-apis/xml-apis/jars/xml-apis-1.4.01.jar:/Users/ostdong/.ivy2/cache/javax.transaction/jta/jars/jta-1.1.jar:/Users/ostdong/activator-dist-1.3.12/repository/com.google.inject/guice/4.0/jars/guice.jar:/Users/ostdong/activator-dist-1.3.12/repository/javax.inject/javax.inject/1/jars/javax.inject.jar:/Users/ostdong/activator-dist-1.3.12/repository/aopalliance/aopalliance/1.0/jars/aopalliance.jar:/Users/ostdong/activator-dist-1.3.12/repository/com.google.inject.extensions/guice-assistedinject/4.0/jars/guice-assistedinject.jar:/Users/ostdong/.ivy2/cache/com.typesafe.play/play-netty-server_2.11/jars/play-netty-server_2.11-2.5.10.jar:/Users/ostdong/activator-dist-1.3.12/repository/com.typesafe.netty/netty-reactive-streams-http/1.0.8/jars/netty-reactive-streams-http.jar:/Users/ostdong/activator-dist-1.3.12/repository/com.typesafe.netty/netty-reactive-streams/1.0.8/jars/netty-reactive-streams.jar:/Users/ostdong/activator-dist-1.3.12/repository/io.netty/netty-handler/4.0.41.Final/jars/netty-handler.jar:/Users/ostdong/activator-dist-1.3.12/repository/io.netty/netty-buffer/4.0.41.Final/jars/netty-buffer.jar:/Users/ostdong/activator-dist-1.3.12/repository/io.netty/netty-common/4.0.41.Final/jars/netty-common.jar:/Users/ostdong/activator-dist-1.3.12/repository/io.netty/netty-transport/4.0.41.Final/jars/netty-transport.jar:/Users/ostdong/activator-dist-1.3.12/repository/io.netty/netty-codec/4.0.41.Final/jars/netty-codec.jar:/Users/ostdong/activator-dist-1.3.12/repository/io.netty/netty-codec-http/4.0.41.Final/jars/netty-codec-http.jar:/Users/ostdong/activator-dist-1.3.12/repository/io.netty/netty-transport-native-epoll/4.0.41.Final/jars/netty-transport-native-epoll-linux-x86_64.jar:/Users/ostdong/.ivy2/cache/com.typesafe.play/play-logback_2.11/jars/play-logback_2.11-2.5.10.jar:/Users/ostdong/activator-dist-1.3.12/repository/ch.qos.logback/logback-classic/1.1.7/jars/logback-classic.jar:/Users/ostdong/activator-dist-1.3.12/repository/ch.qos.logback/logback-core/1.1.7/jars/logback-core.jar:/Users/ostdong/.ivy2/cache/org.webjars/flot/jars/flot-0.8.3.jar:/Users/ostdong/.ivy2/cache/org.webjars/jquery/jars/jquery-1.11.1.jar:/Users/ostdong/.ivy2/cache/org.webjars/explorercanvas/jars/explorercanvas-r3-1.jar:/Users/ostdong/.ivy2/cache/org.webjars/bootstrap/jars/bootstrap-3.3.6.jar:/Users/ostdong/.ivy2/cache/com.typesafe.akka/akka-http-core_2.11/jars/akka-http-core_2.11-2.4.11.jar:/Users/ostdong/.ivy2/cache/com.typesafe.akka/akka-parsing_2.11/jars/akka-parsing_2.11-2.4.11.jar:/Users/ostdong/.ivy2/cache/com.typesafe.akka/akka-http-experimental_2.11/jars/akka-http-experimental_2.11-2.4.11.jar:/Users/ostdong/.ivy2/cache/com.typesafe.play/play-cache_2.11/jars/play-cache_2.11-2.5.10.jar:/Users/ostdong/activator-dist-1.3.12/repository/net.sf.ehcache/ehcache-core/2.6.11/jars/ehcache-core.jar:/Users/ostdong/.ivy2/cache/com.typesafe.play/play-ws_2.11/jars/play-ws_2.11-2.5.10.jar:/Users/ostdong/activator-dist-1.3.12/repository/com.google.guava/guava/19.0/bundles/guava.jar:/Users/ostdong/activator-dist-1.3.12/repository/org.asynchttpclient/async-http-client/2.0.11/jars/async-http-client.jar:/Users/ostdong/activator-dist-1.3.12/repository/org.asynchttpclient/netty-resolver-dns/2.0.11/jars/netty-resolver-dns.jar:/Users/ostdong/activator-dist-1.3.12/repository/org.asynchttpclient/netty-resolver/2.0.11/jars/netty-resolver.jar:/Users/ostdong/activator-dist-1.3.12/repository/org.asynchttpclient/netty-codec-dns/2.0.11/jars/netty-codec-dns.jar:/Users/ostdong/activator-dist-1.3.12/repository/org.javassist/javassist/3.20.0-GA/bundles/javassist.jar:/Users/ostdong/.ivy2/cache/oauth.signpost/signpost-core/jars/signpost-core-1.2.1.2.jar:/Users/ostdong/.ivy2/cache/oauth.signpost/signpost-commonshttp4/jars/signpost-commonshttp4-1.2.1.2.jar:/Users/ostdong/activator-dist-1.3.12/repository/org.apache.httpcomponents/httpcore/4.0.1/jars/httpcore.jar:/Users/ostdong/activator-dist-1.3.12/repository/org.apache.httpcomponents/httpclient/4.0.1/jars/httpclient.jar:/Users/ostdong/.ivy2/cache/commons-logging/commons-logging/jars/commons-logging-1.1.1.jar:/Users/ostdong/.ivy2/cache/mysql/mysql-connector-java/jars/mysql-connector-java-5.1.34.jar:/Users/ostdong/.ivy2/cache/com.typesafe.play/play-slick_2.11/jars/play-slick_2.11-2.0.0.jar:/Users/ostdong/.ivy2/cache/com.typesafe.slick/slick_2.11/bundles/slick_2.11-3.1.0.jar:/Users/ostdong/.ivy2/cache/com.typesafe.slick/slick-hikaricp_2.11/bundles/slick-hikaricp_2.11-3.1.0.jar:/Users/ostdong/.ivy2/cache/com.zaxxer/HikariCP-java6/bundles/HikariCP-java6-2.3.7.jar:/Users/ostdong/.ivy2/cache/com.typesafe.play/play-jdbc-api_2.11/jars/play-jdbc-api_2.11-2.5.0.jar:/Users/ostdong/.ivy2/cache/com.typesafe.play/play-slick-evolutions_2.11/jars/play-slick-evolutions_2.11-2.0.0.jar:/Users/ostdong/.ivy2/cache/com.typesafe.play/play-jdbc-evolutions_2.11/jars/play-jdbc-evolutions_2.11-2.5.0.jar
Read from stdout: /Users/ostdong/Communicourse/Communicourse/app/controllers/ChatgroupController.scala:108: not enough arguments for method apply: (f: PartialFunction[play.api.http.MediaRange,play.api.mvc.Result])(implicit request: play.api.mvc.RequestHeader)play.api.mvc.Result in object render.
Read from stdout: Unspecified value parameter f.
/Users/ostdong/Communicourse/Communicourse/app/controllers/ChatgroupController.scala:108: not enough arguments for method apply: (f: PartialFunction[play.api.http.MediaRange,play.api.mvc.Result])(implicit request: play.api.mvc.RequestHeader)play.api.mvc.Result in object render.
Unspecified value parameter f.
Read from stdout: render()
      render()
Read from stdout: ^
            ^
Read from stdout: one error found
one error found
Compilation failed (CompilerInterface)
Read from stdout: (compile:compileIncremental) Compilation failed
(compile:compileIncremental) Compilation failed
Total time: 8 s, completed Feb 12, 2017 2:28:39 PM
> server-post-command-error-handler
> server-post-command-cleanup
> server-handle-next-server-request
> {file:/Users/ostdong/Communicourse/Communicourse/}root/compile:discoveredMainClasses
Evaluating tasks: compile:discoveredMainClasses
Running task... Cancel: sbt.server.ServerTaskCancellation@5a2b930b, check cycles: false

Initial source changes: 
	removed:Set()
	added: Set()
	modified: Set(/Users/ostdong/Communicourse/Communicourse/app/controllers/ChatgroupController.scala)
Removed products: Set()
External API changes: API Changes: Set()
Modified binary dependencies: Set()
Initial directly invalidated sources: Set(/Users/ostdong/Communicourse/Communicourse/app/controllers/ChatgroupController.scala)

Sources indirectly invalidated by:
	product: Set()
	binary dep: Set()
	external source: Set()
All initially invalidated sources: Set(/Users/ostdong/Communicourse/Communicourse/app/controllers/ChatgroupController.scala)

Read from stdout: Compiling 1 Scala source to /Users/ostdong/Communicourse/Communicourse/target/scala-2.11/classes...
Compiling 1 Scala source to /Users/ostdong/Communicourse/Communicourse/target/scala-2.11/classes...
Getting compiler-interface from component compiler for Scala 2.11.8
Other repositories:
Default repositories:
Getting compiler-interface from component compiler for Scala 2.11.8
Other repositories:
Default repositories:
Running cached compiler 20f807b, interfacing (CompilerInterface) with Scala compiler version 2.11.8
Calling Scala compiler with arguments  (CompilerInterface):
	-deprecation
	-unchecked
	-encoding
	utf8
	-bootclasspath
	/Library/Java/JavaVirtualMachines/jdk1.8.0_111.jdk/Contents/Home/jre/lib/resources.jar:/Library/Java/JavaVirtualMachines/jdk1.8.0_111.jdk/Contents/Home/jre/lib/rt.jar:/Library/Java/JavaVirtualMachines/jdk1.8.0_111.jdk/Contents/Home/jre/lib/sunrsasign.jar:/Library/Java/JavaVirtualMachines/jdk1.8.0_111.jdk/Contents/Home/jre/lib/jsse.jar:/Library/Java/JavaVirtualMachines/jdk1.8.0_111.jdk/Contents/Home/jre/lib/jce.jar:/Library/Java/JavaVirtualMachines/jdk1.8.0_111.jdk/Contents/Home/jre/lib/charsets.jar:/Library/Java/JavaVirtualMachines/jdk1.8.0_111.jdk/Contents/Home/jre/lib/jfr.jar:/Library/Java/JavaVirtualMachines/jdk1.8.0_111.jdk/Contents/Home/jre/classes:/Users/ostdong/.ivy2/cache/org.scala-lang/scala-library/jars/scala-library-2.11.8.jar
	-classpath
	/Users/ostdong/Communicourse/Communicourse/target/scala-2.11/classes:/Users/ostdong/activator-dist-1.3.12/repository/com.typesafe.play/twirl-api_2.11/1.1.1/jars/twirl-api_2.11.jar:/Users/ostdong/activator-dist-1.3.12/repository/org.apache.commons/commons-lang3/3.4/jars/commons-lang3.jar:/Users/ostdong/.ivy2/cache/org.scala-lang.modules/scala-xml_2.11/bundles/scala-xml_2.11-1.0.1.jar:/Users/ostdong/.ivy2/cache/com.typesafe.play/play-server_2.11/jars/play-server_2.11-2.5.10.jar:/Users/ostdong/.ivy2/cache/com.typesafe.play/play_2.11/jars/play_2.11-2.5.10.jar:/Users/ostdong/.ivy2/cache/com.typesafe.play/build-link/jars/build-link-2.5.10.jar:/Users/ostdong/.ivy2/cache/com.typesafe.play/play-exceptions/jars/play-exceptions-2.5.10.jar:/Users/ostdong/.ivy2/cache/com.typesafe.play/play-iteratees_2.11/jars/play-iteratees_2.11-2.5.10.jar:/Users/ostdong/.ivy2/cache/org.scala-stm/scala-stm_2.11/jars/scala-stm_2.11-0.7.jar:/Users/ostdong/activator-dist-1.3.12/repository/com.typesafe/config/1.3.0/bundles/config.jar:/Users/ostdong/.ivy2/cache/com.typesafe.play/play-json_2.11/jars/play-json_2.11-2.5.10.jar:/Users/ostdong/.ivy2/cache/com.typesafe.play/play-functional_2.11/jars/play-functional_2.11-2.5.10.jar:/Users/ostdong/.ivy2/cache/com.typesafe.play/play-datacommons_2.11/jars/play-datacommons_2.11-2.5.10.jar:/Users/ostdong/.ivy2/cache/joda-time/joda-time/jars/joda-time-2.9.6.jar:/Users/ostdong/activator-dist-1.3.12/repository/org.joda/joda-convert/1.8.1/jars/joda-convert.jar:/Users/ostdong/activator-dist-1.3.12/repository/org.scala-lang/scala-reflect/2.11.7/jars/scala-reflect.jar:/Users/ostdong/.ivy2/cache/com.fasterxml.jackson.core/jackson-core/bundles/jackson-core-2.7.8.jar:/Users/ostdong/.ivy2/cache/com.fasterxml.jackson.core/jackson-annotations/bundles/jackson-annotations-2.7.8.jar:/Users/ostdong/.ivy2/cache/com.fasterxml.jackson.core/jackson-databind/bundles/jackson-databind-2.7.8.jar:/Users/ostdong/.ivy2/cache/com.fasterxml.jackson.datatype/jackson-datatype-jdk8/bundles/jackson-datatype-jdk8-2.7.8.jar:/Users/ostdong/.ivy2/cache/com.fasterxml.jackson.datatype/jackson-datatype-jsr310/bundles/jackson-datatype-jsr310-2.7.8.jar:/Users/ostdong/.ivy2/cache/com.typesafe.play/play-netty-utils/jars/play-netty-utils-2.5.10.jar:/Users/ostdong/activator-dist-1.3.12/repository/org.slf4j/slf4j-api/1.7.21/jars/slf4j-api.jar:/Users/ostdong/activator-dist-1.3.12/repository/org.slf4j/jul-to-slf4j/1.7.21/jars/jul-to-slf4j.jar:/Users/ostdong/activator-dist-1.3.12/repository/org.slf4j/jcl-over-slf4j/1.7.21/jars/jcl-over-slf4j.jar:/Users/ostdong/.ivy2/cache/com.typesafe.play/play-streams_2.11/jars/play-streams_2.11-2.5.10.jar:/Users/ostdong/activator-dist-1.3.12/repository/org.reactivestreams/reactive-streams/1.0.0/jars/reactive-streams.jar:/Users/ostdong/.ivy2/cache/com.typesafe.akka/akka-stream_2.11/jars/akka-stream_2.11-2.4.12.jar:/Users/ostdong/.ivy2/cache/com.typesafe.akka/akka-actor_2.11/jars/akka-actor_2.11-2.4.12.jar:/Users/ostdong/activator-dist-1.3.12/repository/org.scala-lang.modules/scala-java8-compat_2.11/0.7.0/bundles/scala-java8-compat_2.11.jar:/Users/ostdong/activator-dist-1.3.12/repository/com.typesafe/ssl-config-core_2.11/0.2.1/bundles/ssl-config-core_2.11.jar:/Users/ostdong/.ivy2/cache/org.scala-lang.modules/scala-parser-combinators_2.11/bundles/scala-parser-combinators_2.11-1.0.4.jar:/Users/ostdong/.ivy2/cache/com.typesafe.akka/akka-slf4j_2.11/jars/akka-slf4j_2.11-2.4.12.jar:/Users/ostdong/activator-dist-1.3.12/repository/commons-codec/commons-codec/1.10/jars/commons-codec.jar:/Users/ostdong/.ivy2/cache/xerces/xercesImpl/jars/xercesImpl-2.11.0.jar:/Users/ostdong/.ivy2/cache/xml-apis/xml-apis/jars/xml-apis-1.4.01.jar:/Users/ostdong/.ivy2/cache/javax.transaction/jta/jars/jta-1.1.jar:/Users/ostdong/activator-dist-1.3.12/repository/com.google.inject/guice/4.0/jars/guice.jar:/Users/ostdong/activator-dist-1.3.12/repository/javax.inject/javax.inject/1/jars/javax.inject.jar:/Users/ostdong/activator-dist-1.3.12/repository/aopalliance/aopalliance/1.0/jars/aopalliance.jar:/Users/ostdong/activator-dist-1.3.12/repository/com.google.inject.extensions/guice-assistedinject/4.0/jars/guice-assistedinject.jar:/Users/ostdong/.ivy2/cache/com.typesafe.play/play-netty-server_2.11/jars/play-netty-server_2.11-2.5.10.jar:/Users/ostdong/activator-dist-1.3.12/repository/com.typesafe.netty/netty-reactive-streams-http/1.0.8/jars/netty-reactive-streams-http.jar:/Users/ostdong/activator-dist-1.3.12/repository/com.typesafe.netty/netty-reactive-streams/1.0.8/jars/netty-reactive-streams.jar:/Users/ostdong/activator-dist-1.3.12/repository/io.netty/netty-handler/4.0.41.Final/jars/netty-handler.jar:/Users/ostdong/activator-dist-1.3.12/repository/io.netty/netty-buffer/4.0.41.Final/jars/netty-buffer.jar:/Users/ostdong/activator-dist-1.3.12/repository/io.netty/netty-common/4.0.41.Final/jars/netty-common.jar:/Users/ostdong/activator-dist-1.3.12/repository/io.netty/netty-transport/4.0.41.Final/jars/netty-transport.jar:/Users/ostdong/activator-dist-1.3.12/repository/io.netty/netty-codec/4.0.41.Final/jars/netty-codec.jar:/Users/ostdong/activator-dist-1.3.12/repository/io.netty/netty-codec-http/4.0.41.Final/jars/netty-codec-http.jar:/Users/ostdong/activator-dist-1.3.12/repository/io.netty/netty-transport-native-epoll/4.0.41.Final/jars/netty-transport-native-epoll-linux-x86_64.jar:/Users/ostdong/.ivy2/cache/com.typesafe.play/play-logback_2.11/jars/play-logback_2.11-2.5.10.jar:/Users/ostdong/activator-dist-1.3.12/repository/ch.qos.logback/logback-classic/1.1.7/jars/logback-classic.jar:/Users/ostdong/activator-dist-1.3.12/repository/ch.qos.logback/logback-core/1.1.7/jars/logback-core.jar:/Users/ostdong/.ivy2/cache/org.webjars/flot/jars/flot-0.8.3.jar:/Users/ostdong/.ivy2/cache/org.webjars/jquery/jars/jquery-1.11.1.jar:/Users/ostdong/.ivy2/cache/org.webjars/explorercanvas/jars/explorercanvas-r3-1.jar:/Users/ostdong/.ivy2/cache/org.webjars/bootstrap/jars/bootstrap-3.3.6.jar:/Users/ostdong/.ivy2/cache/com.typesafe.akka/akka-http-core_2.11/jars/akka-http-core_2.11-2.4.11.jar:/Users/ostdong/.ivy2/cache/com.typesafe.akka/akka-parsing_2.11/jars/akka-parsing_2.11-2.4.11.jar:/Users/ostdong/.ivy2/cache/com.typesafe.akka/akka-http-experimental_2.11/jars/akka-http-experimental_2.11-2.4.11.jar:/Users/ostdong/.ivy2/cache/com.typesafe.play/play-cache_2.11/jars/play-cache_2.11-2.5.10.jar:/Users/ostdong/activator-dist-1.3.12/repository/net.sf.ehcache/ehcache-core/2.6.11/jars/ehcache-core.jar:/Users/ostdong/.ivy2/cache/com.typesafe.play/play-ws_2.11/jars/play-ws_2.11-2.5.10.jar:/Users/ostdong/activator-dist-1.3.12/repository/com.google.guava/guava/19.0/bundles/guava.jar:/Users/ostdong/activator-dist-1.3.12/repository/org.asynchttpclient/async-http-client/2.0.11/jars/async-http-client.jar:/Users/ostdong/activator-dist-1.3.12/repository/org.asynchttpclient/netty-resolver-dns/2.0.11/jars/netty-resolver-dns.jar:/Users/ostdong/activator-dist-1.3.12/repository/org.asynchttpclient/netty-resolver/2.0.11/jars/netty-resolver.jar:/Users/ostdong/activator-dist-1.3.12/repository/org.asynchttpclient/netty-codec-dns/2.0.11/jars/netty-codec-dns.jar:/Users/ostdong/activator-dist-1.3.12/repository/org.javassist/javassist/3.20.0-GA/bundles/javassist.jar:/Users/ostdong/.ivy2/cache/oauth.signpost/signpost-core/jars/signpost-core-1.2.1.2.jar:/Users/ostdong/.ivy2/cache/oauth.signpost/signpost-commonshttp4/jars/signpost-commonshttp4-1.2.1.2.jar:/Users/ostdong/activator-dist-1.3.12/repository/org.apache.httpcomponents/httpcore/4.0.1/jars/httpcore.jar:/Users/ostdong/activator-dist-1.3.12/repository/org.apache.httpcomponents/httpclient/4.0.1/jars/httpclient.jar:/Users/ostdong/.ivy2/cache/commons-logging/commons-logging/jars/commons-logging-1.1.1.jar:/Users/ostdong/.ivy2/cache/mysql/mysql-connector-java/jars/mysql-connector-java-5.1.34.jar:/Users/ostdong/.ivy2/cache/com.typesafe.play/play-slick_2.11/jars/play-slick_2.11-2.0.0.jar:/Users/ostdong/.ivy2/cache/com.typesafe.slick/slick_2.11/bundles/slick_2.11-3.1.0.jar:/Users/ostdong/.ivy2/cache/com.typesafe.slick/slick-hikaricp_2.11/bundles/slick-hikaricp_2.11-3.1.0.jar:/Users/ostdong/.ivy2/cache/com.zaxxer/HikariCP-java6/bundles/HikariCP-java6-2.3.7.jar:/Users/ostdong/.ivy2/cache/com.typesafe.play/play-jdbc-api_2.11/jars/play-jdbc-api_2.11-2.5.0.jar:/Users/ostdong/.ivy2/cache/com.typesafe.play/play-slick-evolutions_2.11/jars/play-slick-evolutions_2.11-2.0.0.jar:/Users/ostdong/.ivy2/cache/com.typesafe.play/play-jdbc-evolutions_2.11/jars/play-jdbc-evolutions_2.11-2.5.0.jar
Read from stdout: /Users/ostdong/Communicourse/Communicourse/app/controllers/ChatgroupController.scala:108: not enough arguments for method apply: (f: PartialFunction[play.api.http.MediaRange,play.api.mvc.Result])(implicit request: play.api.mvc.RequestHeader)play.api.mvc.Result in object render.
Read from stdout: Unspecified value parameter f.
/Users/ostdong/Communicourse/Communicourse/app/controllers/ChatgroupController.scala:108: not enough arguments for method apply: (f: PartialFunction[play.api.http.MediaRange,play.api.mvc.Result])(implicit request: play.api.mvc.RequestHeader)play.api.mvc.Result in object render.
Unspecified value parameter f.
Read from stdout: render()
      render()
Read from stdout: ^
            ^
Read from stdout: one error found
one error found
Compilation failed (CompilerInterface)
Read from stdout: (compile:compileIncremental) Compilation failed
(compile:compileIncremental) Compilation failed
Total time: 3 s, completed Feb 12, 2017 2:28:43 PM
> server-post-command-error-handler
> server-post-command-cleanup
> server-handle-next-server-request
> {file:/Users/ostdong/Communicourse/Communicourse/}root/compile:mainClass
Evaluating tasks: compile:mainClass
Running task... Cancel: sbt.server.ServerTaskCancellation@25df31be, check cycles: false
Total time: 0 s, completed Feb 12, 2017 2:28:43 PM
> server-post-command-cleanup
> server-handle-next-server-request
> {file:/Users/ostdong/Communicourse/Communicourse/}root/compile:discoveredMainClasses
Evaluating tasks: compile:discoveredMainClasses
Running task... Cancel: sbt.server.ServerTaskCancellation@768a9cb0, check cycles: false

Initial source changes: 
	removed:Set()
	added: Set()
	modified: Set(/Users/ostdong/Communicourse/Communicourse/app/controllers/ChatgroupController.scala)
Removed products: Set()
External API changes: API Changes: Set()
Modified binary dependencies: Set()
Initial directly invalidated sources: Set(/Users/ostdong/Communicourse/Communicourse/app/controllers/ChatgroupController.scala)

Sources indirectly invalidated by:
	product: Set()
	binary dep: Set()
	external source: Set()
All initially invalidated sources: Set(/Users/ostdong/Communicourse/Communicourse/app/controllers/ChatgroupController.scala)

Read from stdout: Compiling 1 Scala source to /Users/ostdong/Communicourse/Communicourse/target/scala-2.11/classes...
Compiling 1 Scala source to /Users/ostdong/Communicourse/Communicourse/target/scala-2.11/classes...
Getting compiler-interface from component compiler for Scala 2.11.8
Other repositories:
Default repositories:
Getting compiler-interface from component compiler for Scala 2.11.8
Other repositories:
Default repositories:
Running cached compiler 4d5c86b7, interfacing (CompilerInterface) with Scala compiler version 2.11.8
Calling Scala compiler with arguments  (CompilerInterface):
	-deprecation
	-unchecked
	-encoding
	utf8
	-bootclasspath
	/Library/Java/JavaVirtualMachines/jdk1.8.0_111.jdk/Contents/Home/jre/lib/resources.jar:/Library/Java/JavaVirtualMachines/jdk1.8.0_111.jdk/Contents/Home/jre/lib/rt.jar:/Library/Java/JavaVirtualMachines/jdk1.8.0_111.jdk/Contents/Home/jre/lib/sunrsasign.jar:/Library/Java/JavaVirtualMachines/jdk1.8.0_111.jdk/Contents/Home/jre/lib/jsse.jar:/Library/Java/JavaVirtualMachines/jdk1.8.0_111.jdk/Contents/Home/jre/lib/jce.jar:/Library/Java/JavaVirtualMachines/jdk1.8.0_111.jdk/Contents/Home/jre/lib/charsets.jar:/Library/Java/JavaVirtualMachines/jdk1.8.0_111.jdk/Contents/Home/jre/lib/jfr.jar:/Library/Java/JavaVirtualMachines/jdk1.8.0_111.jdk/Contents/Home/jre/classes:/Users/ostdong/.ivy2/cache/org.scala-lang/scala-library/jars/scala-library-2.11.8.jar
	-classpath
	/Users/ostdong/Communicourse/Communicourse/target/scala-2.11/classes:/Users/ostdong/activator-dist-1.3.12/repository/com.typesafe.play/twirl-api_2.11/1.1.1/jars/twirl-api_2.11.jar:/Users/ostdong/activator-dist-1.3.12/repository/org.apache.commons/commons-lang3/3.4/jars/commons-lang3.jar:/Users/ostdong/.ivy2/cache/org.scala-lang.modules/scala-xml_2.11/bundles/scala-xml_2.11-1.0.1.jar:/Users/ostdong/.ivy2/cache/com.typesafe.play/play-server_2.11/jars/play-server_2.11-2.5.10.jar:/Users/ostdong/.ivy2/cache/com.typesafe.play/play_2.11/jars/play_2.11-2.5.10.jar:/Users/ostdong/.ivy2/cache/com.typesafe.play/build-link/jars/build-link-2.5.10.jar:/Users/ostdong/.ivy2/cache/com.typesafe.play/play-exceptions/jars/play-exceptions-2.5.10.jar:/Users/ostdong/.ivy2/cache/com.typesafe.play/play-iteratees_2.11/jars/play-iteratees_2.11-2.5.10.jar:/Users/ostdong/.ivy2/cache/org.scala-stm/scala-stm_2.11/jars/scala-stm_2.11-0.7.jar:/Users/ostdong/activator-dist-1.3.12/repository/com.typesafe/config/1.3.0/bundles/config.jar:/Users/ostdong/.ivy2/cache/com.typesafe.play/play-json_2.11/jars/play-json_2.11-2.5.10.jar:/Users/ostdong/.ivy2/cache/com.typesafe.play/play-functional_2.11/jars/play-functional_2.11-2.5.10.jar:/Users/ostdong/.ivy2/cache/com.typesafe.play/play-datacommons_2.11/jars/play-datacommons_2.11-2.5.10.jar:/Users/ostdong/.ivy2/cache/joda-time/joda-time/jars/joda-time-2.9.6.jar:/Users/ostdong/activator-dist-1.3.12/repository/org.joda/joda-convert/1.8.1/jars/joda-convert.jar:/Users/ostdong/activator-dist-1.3.12/repository/org.scala-lang/scala-reflect/2.11.7/jars/scala-reflect.jar:/Users/ostdong/.ivy2/cache/com.fasterxml.jackson.core/jackson-core/bundles/jackson-core-2.7.8.jar:/Users/ostdong/.ivy2/cache/com.fasterxml.jackson.core/jackson-annotations/bundles/jackson-annotations-2.7.8.jar:/Users/ostdong/.ivy2/cache/com.fasterxml.jackson.core/jackson-databind/bundles/jackson-databind-2.7.8.jar:/Users/ostdong/.ivy2/cache/com.fasterxml.jackson.datatype/jackson-datatype-jdk8/bundles/jackson-datatype-jdk8-2.7.8.jar:/Users/ostdong/.ivy2/cache/com.fasterxml.jackson.datatype/jackson-datatype-jsr310/bundles/jackson-datatype-jsr310-2.7.8.jar:/Users/ostdong/.ivy2/cache/com.typesafe.play/play-netty-utils/jars/play-netty-utils-2.5.10.jar:/Users/ostdong/activator-dist-1.3.12/repository/org.slf4j/slf4j-api/1.7.21/jars/slf4j-api.jar:/Users/ostdong/activator-dist-1.3.12/repository/org.slf4j/jul-to-slf4j/1.7.21/jars/jul-to-slf4j.jar:/Users/ostdong/activator-dist-1.3.12/repository/org.slf4j/jcl-over-slf4j/1.7.21/jars/jcl-over-slf4j.jar:/Users/ostdong/.ivy2/cache/com.typesafe.play/play-streams_2.11/jars/play-streams_2.11-2.5.10.jar:/Users/ostdong/activator-dist-1.3.12/repository/org.reactivestreams/reactive-streams/1.0.0/jars/reactive-streams.jar:/Users/ostdong/.ivy2/cache/com.typesafe.akka/akka-stream_2.11/jars/akka-stream_2.11-2.4.12.jar:/Users/ostdong/.ivy2/cache/com.typesafe.akka/akka-actor_2.11/jars/akka-actor_2.11-2.4.12.jar:/Users/ostdong/activator-dist-1.3.12/repository/org.scala-lang.modules/scala-java8-compat_2.11/0.7.0/bundles/scala-java8-compat_2.11.jar:/Users/ostdong/activator-dist-1.3.12/repository/com.typesafe/ssl-config-core_2.11/0.2.1/bundles/ssl-config-core_2.11.jar:/Users/ostdong/.ivy2/cache/org.scala-lang.modules/scala-parser-combinators_2.11/bundles/scala-parser-combinators_2.11-1.0.4.jar:/Users/ostdong/.ivy2/cache/com.typesafe.akka/akka-slf4j_2.11/jars/akka-slf4j_2.11-2.4.12.jar:/Users/ostdong/activator-dist-1.3.12/repository/commons-codec/commons-codec/1.10/jars/commons-codec.jar:/Users/ostdong/.ivy2/cache/xerces/xercesImpl/jars/xercesImpl-2.11.0.jar:/Users/ostdong/.ivy2/cache/xml-apis/xml-apis/jars/xml-apis-1.4.01.jar:/Users/ostdong/.ivy2/cache/javax.transaction/jta/jars/jta-1.1.jar:/Users/ostdong/activator-dist-1.3.12/repository/com.google.inject/guice/4.0/jars/guice.jar:/Users/ostdong/activator-dist-1.3.12/repository/javax.inject/javax.inject/1/jars/javax.inject.jar:/Users/ostdong/activator-dist-1.3.12/repository/aopalliance/aopalliance/1.0/jars/aopalliance.jar:/Users/ostdong/activator-dist-1.3.12/repository/com.google.inject.extensions/guice-assistedinject/4.0/jars/guice-assistedinject.jar:/Users/ostdong/.ivy2/cache/com.typesafe.play/play-netty-server_2.11/jars/play-netty-server_2.11-2.5.10.jar:/Users/ostdong/activator-dist-1.3.12/repository/com.typesafe.netty/netty-reactive-streams-http/1.0.8/jars/netty-reactive-streams-http.jar:/Users/ostdong/activator-dist-1.3.12/repository/com.typesafe.netty/netty-reactive-streams/1.0.8/jars/netty-reactive-streams.jar:/Users/ostdong/activator-dist-1.3.12/repository/io.netty/netty-handler/4.0.41.Final/jars/netty-handler.jar:/Users/ostdong/activator-dist-1.3.12/repository/io.netty/netty-buffer/4.0.41.Final/jars/netty-buffer.jar:/Users/ostdong/activator-dist-1.3.12/repository/io.netty/netty-common/4.0.41.Final/jars/netty-common.jar:/Users/ostdong/activator-dist-1.3.12/repository/io.netty/netty-transport/4.0.41.Final/jars/netty-transport.jar:/Users/ostdong/activator-dist-1.3.12/repository/io.netty/netty-codec/4.0.41.Final/jars/netty-codec.jar:/Users/ostdong/activator-dist-1.3.12/repository/io.netty/netty-codec-http/4.0.41.Final/jars/netty-codec-http.jar:/Users/ostdong/activator-dist-1.3.12/repository/io.netty/netty-transport-native-epoll/4.0.41.Final/jars/netty-transport-native-epoll-linux-x86_64.jar:/Users/ostdong/.ivy2/cache/com.typesafe.play/play-logback_2.11/jars/play-logback_2.11-2.5.10.jar:/Users/ostdong/activator-dist-1.3.12/repository/ch.qos.logback/logback-classic/1.1.7/jars/logback-classic.jar:/Users/ostdong/activator-dist-1.3.12/repository/ch.qos.logback/logback-core/1.1.7/jars/logback-core.jar:/Users/ostdong/.ivy2/cache/org.webjars/flot/jars/flot-0.8.3.jar:/Users/ostdong/.ivy2/cache/org.webjars/jquery/jars/jquery-1.11.1.jar:/Users/ostdong/.ivy2/cache/org.webjars/explorercanvas/jars/explorercanvas-r3-1.jar:/Users/ostdong/.ivy2/cache/org.webjars/bootstrap/jars/bootstrap-3.3.6.jar:/Users/ostdong/.ivy2/cache/com.typesafe.akka/akka-http-core_2.11/jars/akka-http-core_2.11-2.4.11.jar:/Users/ostdong/.ivy2/cache/com.typesafe.akka/akka-parsing_2.11/jars/akka-parsing_2.11-2.4.11.jar:/Users/ostdong/.ivy2/cache/com.typesafe.akka/akka-http-experimental_2.11/jars/akka-http-experimental_2.11-2.4.11.jar:/Users/ostdong/.ivy2/cache/com.typesafe.play/play-cache_2.11/jars/play-cache_2.11-2.5.10.jar:/Users/ostdong/activator-dist-1.3.12/repository/net.sf.ehcache/ehcache-core/2.6.11/jars/ehcache-core.jar:/Users/ostdong/.ivy2/cache/com.typesafe.play/play-ws_2.11/jars/play-ws_2.11-2.5.10.jar:/Users/ostdong/activator-dist-1.3.12/repository/com.google.guava/guava/19.0/bundles/guava.jar:/Users/ostdong/activator-dist-1.3.12/repository/org.asynchttpclient/async-http-client/2.0.11/jars/async-http-client.jar:/Users/ostdong/activator-dist-1.3.12/repository/org.asynchttpclient/netty-resolver-dns/2.0.11/jars/netty-resolver-dns.jar:/Users/ostdong/activator-dist-1.3.12/repository/org.asynchttpclient/netty-resolver/2.0.11/jars/netty-resolver.jar:/Users/ostdong/activator-dist-1.3.12/repository/org.asynchttpclient/netty-codec-dns/2.0.11/jars/netty-codec-dns.jar:/Users/ostdong/activator-dist-1.3.12/repository/org.javassist/javassist/3.20.0-GA/bundles/javassist.jar:/Users/ostdong/.ivy2/cache/oauth.signpost/signpost-core/jars/signpost-core-1.2.1.2.jar:/Users/ostdong/.ivy2/cache/oauth.signpost/signpost-commonshttp4/jars/signpost-commonshttp4-1.2.1.2.jar:/Users/ostdong/activator-dist-1.3.12/repository/org.apache.httpcomponents/httpcore/4.0.1/jars/httpcore.jar:/Users/ostdong/activator-dist-1.3.12/repository/org.apache.httpcomponents/httpclient/4.0.1/jars/httpclient.jar:/Users/ostdong/.ivy2/cache/commons-logging/commons-logging/jars/commons-logging-1.1.1.jar:/Users/ostdong/.ivy2/cache/mysql/mysql-connector-java/jars/mysql-connector-java-5.1.34.jar:/Users/ostdong/.ivy2/cache/com.typesafe.play/play-slick_2.11/jars/play-slick_2.11-2.0.0.jar:/Users/ostdong/.ivy2/cache/com.typesafe.slick/slick_2.11/bundles/slick_2.11-3.1.0.jar:/Users/ostdong/.ivy2/cache/com.typesafe.slick/slick-hikaricp_2.11/bundles/slick-hikaricp_2.11-3.1.0.jar:/Users/ostdong/.ivy2/cache/com.zaxxer/HikariCP-java6/bundles/HikariCP-java6-2.3.7.jar:/Users/ostdong/.ivy2/cache/com.typesafe.play/play-jdbc-api_2.11/jars/play-jdbc-api_2.11-2.5.0.jar:/Users/ostdong/.ivy2/cache/com.typesafe.play/play-slick-evolutions_2.11/jars/play-slick-evolutions_2.11-2.0.0.jar:/Users/ostdong/.ivy2/cache/com.typesafe.play/play-jdbc-evolutions_2.11/jars/play-jdbc-evolutions_2.11-2.5.0.jar
Read from stdout: /Users/ostdong/Communicourse/Communicourse/app/controllers/ChatgroupController.scala:108: not enough arguments for method apply: (f: PartialFunction[play.api.http.MediaRange,play.api.mvc.Result])(implicit request: play.api.mvc.RequestHeader)play.api.mvc.Result in object render.
Read from stdout: Unspecified value parameter f.
/Users/ostdong/Communicourse/Communicourse/app/controllers/ChatgroupController.scala:108: not enough arguments for method apply: (f: PartialFunction[play.api.http.MediaRange,play.api.mvc.Result])(implicit request: play.api.mvc.RequestHeader)play.api.mvc.Result in object render.
Unspecified value parameter f.
Read from stdout: render()
      render()
Read from stdout: ^
            ^
Read from stdout: one error found
one error found
Compilation failed (CompilerInterface)
Read from stdout: (compile:compileIncremental) Compilation failed
(compile:compileIncremental) Compilation failed
Total time: 2 s, completed Feb 12, 2017 2:28:45 PM
> server-post-command-error-handler
> server-post-command-cleanup
> server-handle-next-server-request
> {file:/Users/ostdong/Communicourse/Communicourse/}root/compile:mainClass
Evaluating tasks: compile:mainClass
Running task... Cancel: sbt.server.ServerTaskCancellation@6af53158, check cycles: false
Total time: 0 s, completed Feb 12, 2017 2:28:45 PM
> server-post-command-cleanup
> server-handle-next-server-request
